<?xml version="1.0" encoding="UTF-8"?>
<testng-results ignored="0" total="9" passed="9" failed="0" skipped="0">
  <reporter-output>
  </reporter-output>
  <suite started-at="2023-01-17T18:55:30 EST" name="Default suite" finished-at="2023-01-17T18:55:31 EST" duration-ms="936">
    <groups>
      <group name="cucumber">
        <method signature="AbstractTestNGCucumberTests.runScenario(io.cucumber.testng.PickleWrapper,io.cucumber.testng.FeatureWrapper)[pri:0, instance:Runners.TestNG_Runner@25ce9dc4]" name="runScenario" class="io.cucumber.testng.AbstractTestNGCucumberTests"/>
      </group> <!-- cucumber -->
    </groups>
    <test started-at="2023-01-17T18:55:30 EST" name="Default test" finished-at="2023-01-17T18:55:31 EST" duration-ms="936">
      <class name="Runners.TestNG_Runner">
        <test-method is-config="true" signature="setUpClass(org.testng.ITestContext)[pri:0, instance:Runners.TestNG_Runner@25ce9dc4]" started-at="2023-01-17T18:55:30 EST" name="setUpClass" finished-at="2023-01-17T18:55:30 EST" duration-ms="605" status="PASS">
          <params>
            <param index="0">
              <value>
                <![CDATA[org.testng.TestRunner@294bdeb4]]>
              </value>
            </param>
          </params>
          <reporter-output>
          </reporter-output>
        </test-method> <!-- setUpClass -->
        <test-method signature="runScenario(io.cucumber.testng.PickleWrapper,io.cucumber.testng.FeatureWrapper)[pri:0, instance:Runners.TestNG_Runner@25ce9dc4]" started-at="2023-01-17T18:55:30 EST" name="runScenario" description="Runs Cucumber Scenarios" data-provider="scenarios" finished-at="2023-01-17T18:55:30 EST" duration-ms="101" status="PASS">
          <params>
            <param index="0">
              <value>
                <![CDATA["validate search field functionality for ebay"]]>
              </value>
            </param>
            <param index="1">
              <value>
                <![CDATA["search field functionality"]]>
              </value>
            </param>
          </params>
          <reporter-output>
          </reporter-output>
        </test-method> <!-- runScenario -->
        <test-method signature="runScenario(io.cucumber.testng.PickleWrapper,io.cucumber.testng.FeatureWrapper)[pri:0, instance:Runners.TestNG_Runner@25ce9dc4]" started-at="2023-01-17T18:55:30 EST" name="runScenario" description="Runs Cucumber Scenarios" data-provider="scenarios" finished-at="2023-01-17T18:55:30 EST" duration-ms="7" status="PASS">
          <params>
            <param index="0">
              <value>
                <![CDATA["validate search field functionality for ebay"]]>
              </value>
            </param>
            <param index="1">
              <value>
                <![CDATA["search field functionality"]]>
              </value>
            </param>
          </params>
          <reporter-output>
          </reporter-output>
        </test-method> <!-- runScenario -->
        <test-method signature="runScenario(io.cucumber.testng.PickleWrapper,io.cucumber.testng.FeatureWrapper)[pri:0, instance:Runners.TestNG_Runner@25ce9dc4]" started-at="2023-01-17T18:55:30 EST" name="runScenario" description="Runs Cucumber Scenarios" data-provider="scenarios" finished-at="2023-01-17T18:55:30 EST" duration-ms="16" status="PASS">
          <params>
            <param index="0">
              <value>
                <![CDATA["validate search field functionality for ebay"]]>
              </value>
            </param>
            <param index="1">
              <value>
                <![CDATA["search field functionality"]]>
              </value>
            </param>
          </params>
          <reporter-output>
          </reporter-output>
        </test-method> <!-- runScenario -->
        <test-method signature="runScenario(io.cucumber.testng.PickleWrapper,io.cucumber.testng.FeatureWrapper)[pri:0, instance:Runners.TestNG_Runner@25ce9dc4]" started-at="2023-01-17T18:55:30 EST" name="runScenario" description="Runs Cucumber Scenarios" data-provider="scenarios" finished-at="2023-01-17T18:55:30 EST" duration-ms="6" status="PASS">
          <params>
            <param index="0">
              <value>
                <![CDATA["validate search field functionality for ebay"]]>
              </value>
            </param>
            <param index="1">
              <value>
                <![CDATA["search field functionality"]]>
              </value>
            </param>
          </params>
          <reporter-output>
          </reporter-output>
        </test-method> <!-- runScenario -->
        <test-method signature="runScenario(io.cucumber.testng.PickleWrapper,io.cucumber.testng.FeatureWrapper)[pri:0, instance:Runners.TestNG_Runner@25ce9dc4]" started-at="2023-01-17T18:55:30 EST" name="runScenario" description="Runs Cucumber Scenarios" data-provider="scenarios" finished-at="2023-01-17T18:55:30 EST" duration-ms="5" status="PASS">
          <params>
            <param index="0">
              <value>
                <![CDATA["validate search field functionality for ebay"]]>
              </value>
            </param>
            <param index="1">
              <value>
                <![CDATA["search field functionality"]]>
              </value>
            </param>
          </params>
          <reporter-output>
          </reporter-output>
        </test-method> <!-- runScenario -->
        <test-method signature="runScenario(io.cucumber.testng.PickleWrapper,io.cucumber.testng.FeatureWrapper)[pri:0, instance:Runners.TestNG_Runner@25ce9dc4]" started-at="2023-01-17T18:55:30 EST" name="runScenario" description="Runs Cucumber Scenarios" data-provider="scenarios" finished-at="2023-01-17T18:55:30 EST" duration-ms="11" status="PASS">
          <params>
            <param index="0">
              <value>
                <![CDATA["validate search field functionality for ebay"]]>
              </value>
            </param>
            <param index="1">
              <value>
                <![CDATA["search field functionality"]]>
              </value>
            </param>
          </params>
          <reporter-output>
          </reporter-output>
        </test-method> <!-- runScenario -->
        <test-method signature="runScenario(io.cucumber.testng.PickleWrapper,io.cucumber.testng.FeatureWrapper)[pri:0, instance:Runners.TestNG_Runner@25ce9dc4]" started-at="2023-01-17T18:55:30 EST" name="runScenario" description="Runs Cucumber Scenarios" data-provider="scenarios" finished-at="2023-01-17T18:55:31 EST" duration-ms="5" status="PASS">
          <params>
            <param index="0">
              <value>
                <![CDATA["validate search field functionality for ebay"]]>
              </value>
            </param>
            <param index="1">
              <value>
                <![CDATA["search field functionality"]]>
              </value>
            </param>
          </params>
          <reporter-output>
          </reporter-output>
        </test-method> <!-- runScenario -->
        <test-method signature="runScenario(io.cucumber.testng.PickleWrapper,io.cucumber.testng.FeatureWrapper)[pri:0, instance:Runners.TestNG_Runner@25ce9dc4]" started-at="2023-01-17T18:55:31 EST" name="runScenario" description="Runs Cucumber Scenarios" data-provider="scenarios" finished-at="2023-01-17T18:55:31 EST" duration-ms="6" status="PASS">
          <params>
            <param index="0">
              <value>
                <![CDATA["validate search field functionality for ebay"]]>
              </value>
            </param>
            <param index="1">
              <value>
                <![CDATA["search field functionality"]]>
              </value>
            </param>
          </params>
          <reporter-output>
          </reporter-output>
        </test-method> <!-- runScenario -->
        <test-method signature="runScenario(io.cucumber.testng.PickleWrapper,io.cucumber.testng.FeatureWrapper)[pri:0, instance:Runners.TestNG_Runner@25ce9dc4]" started-at="2023-01-17T18:55:31 EST" name="runScenario" description="Runs Cucumber Scenarios" data-provider="scenarios" finished-at="2023-01-17T18:55:31 EST" duration-ms="8" status="PASS">
          <params>
            <param index="0">
              <value>
                <![CDATA["validate search field functionality for ebay"]]>
              </value>
            </param>
            <param index="1">
              <value>
                <![CDATA["search field functionality"]]>
              </value>
            </param>
          </params>
          <reporter-output>
          </reporter-output>
        </test-method> <!-- runScenario -->
        <test-method is-config="true" signature="tearDownClass()[pri:0, instance:Runners.TestNG_Runner@25ce9dc4]" started-at="2023-01-17T18:55:31 EST" name="tearDownClass" finished-at="2023-01-17T18:55:31 EST" duration-ms="99" status="PASS">
          <reporter-output>
          </reporter-output>
        </test-method> <!-- tearDownClass -->
      </class> <!-- Runners.TestNG_Runner -->
    </test> <!-- Default test -->
  </suite> <!-- Default suite -->
</testng-results>
